<?xml version="1.0" encoding="UTF-8"?>
<!-- Generated by org.testng.reporters.JUnitReportReporter -->
<testsuite skipped="0" hostname="ADFGs-MacBook-Pro-2.local" name="Swoo_Android.maven.RandomUtilTest" tests="1" failures="0" timestamp="02 Aug 2017 13:17:22 GMT" time="0.005" errors="0">
  <testcase name="testPhoneNumber" time="0.005" classname="Swoo_Android.maven.RandomUtilTest"/>
</testsuite> <!-- Swoo_Android.maven.RandomUtilTest -->
